Release 14.7 Map P.20131013 (nt64)
Xilinx Mapping Report File for Design 'mojo_top_0'

Design Information
------------------
Command Line   : map -intstyle pa -w -pr b -mt on mojo_top_0.ngd 
Target Device  : xc6slx9
Target Package : tqg144
Target Speed   : -2
Mapper Version : spartan6 -- $Revision: 1.55 $
Mapped Date    : Tue Feb 13 10:37:00 2024

Design Summary
--------------
Number of errors:      0
Number of warnings:    0
Slice Logic Utilization:
  Number of Slice Registers:                   111 out of  11,440    1%
    Number used as Flip Flops:                 111
    Number used as Latches:                      0
    Number used as Latch-thrus:                  0
    Number used as AND/OR logics:                0
  Number of Slice LUTs:                        450 out of   5,720    7%
    Number used as logic:                      444 out of   5,720    7%
      Number using O6 output only:             320
      Number using O5 output only:              73
      Number using O5 and O6:                   51
      Number used as ROM:                        0
    Number used as Memory:                       2 out of   1,440    1%
      Number used as Dual Port RAM:              0
      Number used as Single Port RAM:            0
      Number used as Shift Register:             2
        Number using O6 output only:             2
        Number using O5 output only:             0
        Number using O5 and O6:                  0
    Number used exclusively as route-thrus:      4
      Number with same-slice register load:      0
      Number with same-slice carry load:         4
      Number with other load:                    0

Slice Logic Distribution:
  Number of occupied Slices:                   151 out of   1,430   10%
  Number of MUXCYs used:                       140 out of   2,860    4%
  Number of LUT Flip Flop pairs used:          454
    Number with an unused Flip Flop:           353 out of     454   77%
    Number with an unused LUT:                   4 out of     454    1%
    Number of fully used LUT-FF pairs:          97 out of     454   21%
    Number of unique control sets:               8
    Number of slice register sites lost
      to control set restrictions:              39 out of  11,440    1%

  A LUT Flip Flop pair for this architecture represents one LUT paired with
  one Flip Flop within a slice.  A control set is a unique combination of
  clock, reset, set, and enable signals for a registered element.
  The Slice Logic Distribution report is not meaningful if the design is
  over-mapped for a non-slice resource or if Placement fails.

IO Utilization:
  Number of bonded IOBs:                        49 out of     102   48%
    Number of LOCed IOBs:                       49 out of      49  100%

Specific Feature Utilization:
  Number of RAMB16BWERs:                         0 out of      32    0%
  Number of RAMB8BWERs:                          0 out of      64    0%
  Number of BUFIO2/BUFIO2_2CLKs:                 0 out of      32    0%
  Number of BUFIO2FB/BUFIO2FB_2CLKs:             0 out of      32    0%
  Number of BUFG/BUFGMUXs:                       1 out of      16    6%
    Number used as BUFGs:                        1
    Number used as BUFGMUX:                      0
  Number of DCM/DCM_CLKGENs:                     0 out of       4    0%
  Number of ILOGIC2/ISERDES2s:                   0 out of     200    0%
  Number of IODELAY2/IODRP2/IODRP2_MCBs:         0 out of     200    0%
  Number of OLOGIC2/OSERDES2s:                   0 out of     200    0%
  Number of BSCANs:                              0 out of       4    0%
  Number of BUFHs:                               0 out of     128    0%
  Number of BUFPLLs:                             0 out of       8    0%
  Number of BUFPLL_MCBs:                         0 out of       4    0%
  Number of DSP48A1s:                            0 out of      16    0%
  Number of ICAPs:                               0 out of       1    0%
  Number of MCBs:                                0 out of       2    0%
  Number of PCILOGICSEs:                         0 out of       2    0%
  Number of PLL_ADVs:                            0 out of       2    0%
  Number of PMVs:                                0 out of       1    0%
  Number of STARTUPs:                            0 out of       1    0%
  Number of SUSPEND_SYNCs:                       0 out of       1    0%

Average Fanout of Non-Clock Nets:                3.89

Peak Memory Usage:  4512 MB
Total REAL time to MAP completion:  5 secs 
Total CPU time to MAP completion (all processors):   5 secs 

Table of Contents
-----------------
Section 1 - Errors
Section 2 - Warnings
Section 3 - Informational
Section 4 - Removed Logic Summary
Section 5 - Removed Logic
Section 6 - IOB Properties
Section 7 - RPMs
Section 8 - Guide Report
Section 9 - Area Group and Partition Summary
Section 10 - Timing Report
Section 11 - Configuration String Information
Section 12 - Control Set Information
Section 13 - Utilization by Hierarchy

Section 1 - Errors
------------------

Section 2 - Warnings
--------------------

Section 3 - Informational
-------------------------
INFO:Map:284 - Map is running with the multi-threading option on. Map currently
   supports the use of up to 2 processors. Based on the the user options and
   machine load, Map will use 2 processors during this run.
INFO:LIT:243 - Logical network rst_n_IBUF has no load.
INFO:LIT:395 - The above info message is repeated 33 more times for the
   following (max. 5 shown):
   avr_rx_busy_IBUF,
   io_dip(23)_IBUF,
   io_dip(22)_IBUF,
   io_dip(21)_IBUF,
   io_dip(20)_IBUF
   To see the details of these info messages, please use the -detail switch.
INFO:MapLib:562 - No environment variables are currently set.
INFO:LIT:244 - All of the single ended outputs in this design are using slew
   rate limited output drivers. The delay on speed critical single ended outputs
   can be dramatically reduced by designating them as fast outputs.
INFO:Pack:1716 - Initializing temperature to 85.000 Celsius. (default - Range:
   0.000 to 85.000 Celsius)
INFO:Pack:1720 - Initializing voltage to 1.140 Volts. (default - Range: 1.140 to
   1.260 Volts)
INFO:Map:215 - The Interim Design Summary has been generated in the MAP Report
   (.mrp).
INFO:Pack:1650 - Map created a placed design.

Section 4 - Removed Logic Summary
---------------------------------
  15 block(s) optimized away

Section 5 - Removed Logic
-------------------------

Optimized Block(s):
TYPE 		BLOCK
VCC 		digits/XST_VCC
GND 		reset_button/XST_GND
VCC 		reset_button/XST_VCC
GND 		reset_button/sync/XST_GND
VCC 		reset_button/sync/XST_VCC
GND 		seg/ctr/XST_GND
VCC 		seg/ctr/XST_VCC
GND 		start_stop_button/XST_GND
VCC 		start_stop_button/XST_VCC
GND 		start_stop_button/sync/XST_GND
VCC 		start_stop_button/sync/XST_VCC
GND 		stopwatch/XST_GND
VCC 		stopwatch/XST_VCC
GND 		stopwatch/min/XST_GND
VCC 		stopwatch/min/XST_VCC

To enable printing of redundant blocks removed and signals merged, set the
detailed map report option and rerun map.

Section 6 - IOB Properties
--------------------------

+---------------------------------------------------------------------------------------------------------------------------------------------------------+
| IOB Name                           | Type             | Direction | IO Standard          | Diff  | Drive    | Slew | Reg (s)      | Resistor | IOB      |
|                                    |                  |           |                      | Term  | Strength | Rate |              |          | Delay    |
+---------------------------------------------------------------------------------------------------------------------------------------------------------+
| avr_rx_busy                        | IOB              | INPUT     | LVTTL                |       |          |      |              |          |          |
| avr_tx                             | IOB              | INPUT     | LVTTL                |       |          |      |              |          |          |
| cclk                               | IOB              | INPUT     | LVTTL                |       |          |      |              |          |          |
| clk                                | IOB              | INPUT     | LVTTL                |       |          |      |              |          |          |
| io_button(0)                       | IOB              | INPUT     | LVTTL                |       |          |      |              | PULLDOWN |          |
| io_button(2)                       | IOB              | INPUT     | LVTTL                |       |          |      |              | PULLDOWN |          |
| io_button(4)                       | IOB              | INPUT     | LVTTL                |       |          |      |              | PULLDOWN |          |
| io_button[1]                       | IOB              | INPUT     | LVTTL                |       |          |      |              | PULLDOWN |          |
| io_button[3]                       | IOB              | INPUT     | LVTTL                |       |          |      |              | PULLDOWN |          |
| io_dip(0)                          | IOB              | INPUT     | LVTTL                |       |          |      |              | PULLDOWN |          |
| io_dip(1)                          | IOB              | INPUT     | LVTTL                |       |          |      |              | PULLDOWN |          |
| io_dip(2)                          | IOB              | INPUT     | LVTTL                |       |          |      |              | PULLDOWN |          |
| io_dip(3)                          | IOB              | INPUT     | LVTTL                |       |          |      |              | PULLDOWN |          |
| io_dip(4)                          | IOB              | INPUT     | LVTTL                |       |          |      |              | PULLDOWN |          |
| io_dip(5)                          | IOB              | INPUT     | LVTTL                |       |          |      |              | PULLDOWN |          |
| io_dip(6)                          | IOB              | INPUT     | LVTTL                |       |          |      |              | PULLDOWN |          |
| io_dip(7)                          | IOB              | INPUT     | LVTTL                |       |          |      |              | PULLDOWN |          |
| io_dip(8)                          | IOB              | INPUT     | LVTTL                |       |          |      |              | PULLDOWN |          |
| io_dip(9)                          | IOB              | INPUT     | LVTTL                |       |          |      |              | PULLDOWN |          |
| io_dip(10)                         | IOB              | INPUT     | LVTTL                |       |          |      |              | PULLDOWN |          |
| io_dip(11)                         | IOB              | INPUT     | LVTTL                |       |          |      |              | PULLDOWN |          |
| io_dip(12)                         | IOB              | INPUT     | LVTTL                |       |          |      |              | PULLDOWN |          |
| io_dip(13)                         | IOB              | INPUT     | LVTTL                |       |          |      |              | PULLDOWN |          |
| io_dip(14)                         | IOB              | INPUT     | LVTTL                |       |          |      |              | PULLDOWN |          |
| io_dip(15)                         | IOB              | INPUT     | LVTTL                |       |          |      |              | PULLDOWN |          |
| io_dip(16)                         | IOB              | INPUT     | LVTTL                |       |          |      |              | PULLDOWN |          |
| io_dip(17)                         | IOB              | INPUT     | LVTTL                |       |          |      |              | PULLDOWN |          |
| io_dip(18)                         | IOB              | INPUT     | LVTTL                |       |          |      |              | PULLDOWN |          |
| io_dip(19)                         | IOB              | INPUT     | LVTTL                |       |          |      |              | PULLDOWN |          |
| io_dip(20)                         | IOB              | INPUT     | LVTTL                |       |          |      |              | PULLDOWN |          |
| io_dip(21)                         | IOB              | INPUT     | LVTTL                |       |          |      |              | PULLDOWN |          |
| io_dip(22)                         | IOB              | INPUT     | LVTTL                |       |          |      |              | PULLDOWN |          |
| io_dip(23)                         | IOB              | INPUT     | LVTTL                |       |          |      |              | PULLDOWN |          |
| io_seg[0]                          | IOB              | OUTPUT    | LVTTL                |       | 12       | SLOW |              |          |          |
| io_seg[1]                          | IOB              | OUTPUT    | LVTTL                |       | 12       | SLOW |              |          |          |
| io_seg[2]                          | IOB              | OUTPUT    | LVTTL                |       | 12       | SLOW |              |          |          |
| io_seg[3]                          | IOB              | OUTPUT    | LVTTL                |       | 12       | SLOW |              |          |          |
| io_seg[4]                          | IOB              | OUTPUT    | LVTTL                |       | 12       | SLOW |              |          |          |
| io_seg[5]                          | IOB              | OUTPUT    | LVTTL                |       | 12       | SLOW |              |          |          |
| io_seg[6]                          | IOB              | OUTPUT    | LVTTL                |       | 12       | SLOW |              |          |          |
| io_seg[7]                          | IOB              | OUTPUT    | LVTTL                |       | 12       | SLOW |              |          |          |
| io_sel[0]                          | IOB              | OUTPUT    | LVTTL                |       | 12       | SLOW |              |          |          |
| io_sel[1]                          | IOB              | OUTPUT    | LVTTL                |       | 12       | SLOW |              |          |          |
| io_sel[2]                          | IOB              | OUTPUT    | LVTTL                |       | 12       | SLOW |              |          |          |
| io_sel[3]                          | IOB              | OUTPUT    | LVTTL                |       | 12       | SLOW |              |          |          |
| rst_n                              | IOB              | INPUT     | LVTTL                |       |          |      |              |          |          |
| spi_mosi                           | IOB              | INPUT     | LVTTL                |       |          |      |              |          |          |
| spi_sck                            | IOB              | INPUT     | LVTTL                |       |          |      |              |          |          |
| spi_ss                             | IOB              | INPUT     | LVTTL                |       |          |      |              |          |          |
+---------------------------------------------------------------------------------------------------------------------------------------------------------+

Section 7 - RPMs
----------------

Section 8 - Guide Report
------------------------
Guide not run on this design.

Section 9 - Area Group and Partition Summary
--------------------------------------------

Partition Implementation Status
-------------------------------

  No Partitions were found in this design.

-------------------------------

Area Group Information
----------------------

  No area groups were found in this design.

----------------------

Section 10 - Timing Report
--------------------------
A logic-level (pre-route) timing report can be generated by using Xilinx static
timing analysis tools, Timing Analyzer (GUI) or TRCE (command line), with the
mapped NCD and PCF files. Please note that this timing report will be generated
using estimated delay information. For accurate numbers, please generate a
timing report with the post Place and Route NCD file.

For more information about the Timing Analyzer, consult the Xilinx Timing
Analyzer Reference Manual; for more information about TRCE, consult the Xilinx
Command Line Tools User Guide "TRACE" chapter.

Section 11 - Configuration String Details
-----------------------------------------
Use the "-detail" map option to print out Configuration Strings

Section 12 - Control Set Information
------------------------------------
Use the "-detail" map option to print out Control Set Information.

Section 13 - Utilization by Hierarchy
-------------------------------------
Use the "-detail" map option to print out the Utilization by Hierarchy section.
